Arguments: 
  C:\Program Files\nodejs\node.exe C:\Users\valuk\AppData\Roaming\npm\node_modules\yarn\bin\yarn.js init

PATH: 
  C:\Program Files (x86)\Common Files\Oracle\Java\javapath;C:\ProgramData\Oracle\Java\javapath;C:\Windows\system32;C:\Windows;C:\Windows\System32\Wbem;C:\Windows\System32\WindowsPowerShell\v1.0\;C:\Windows\system32\config\systemprofile\.dnx\bin;C:\Program Files\Microsoft DNX\Dnvm\;C:\Program Files\Microsoft SQL Server\130\Tools\Binn\;C:\Program Files\nodejs\;C:\Program Files\Git\cmd;C:\Users\valuk\AppData\Local\Microsoft\WindowsApps;;C:\Users\valuk\AppData\Local\Programs\Microsoft VS Code\bin;C:\Users\valuk\AppData\Roaming\npm

Yarn version: 
  1.22.10

Node version: 
  12.18.4

Platform: 
  win32 x64

Trace: 
  SyntaxError: C:\Users\valuk\Desktop\SwitchMaven\Week 8\package.json: Unexpected end of JSON input
      at JSON.parse (<anonymous>)
      at C:\Users\valuk\AppData\Roaming\npm\node_modules\yarn\lib\cli.js:1625:59
      at Generator.next (<anonymous>)
      at step (C:\Users\valuk\AppData\Roaming\npm\node_modules\yarn\lib\cli.js:310:30)
      at C:\Users\valuk\AppData\Roaming\npm\node_modules\yarn\lib\cli.js:321:13

npm manifest: 
  No manifest

yarn manifest: 
  No manifest

Lockfile: 
  No lockfile
